
> primo-poker-serverless@1.0.0 dev
> npm run dev -w @primo-poker/poker-server


> @primo-poker/poker-server@1.0.0 dev
> wrangler dev


 ⛅️ wrangler 4.27.0
───────────────────
[custom build] Running: npm run build
[custom build] 
[custom build] > @primo-poker/poker-server@1.0.0 build
[custom build] > tsc --build
[custom build] 
[custom build] 
Your Worker has access to the following bindings:
Binding                                                                              Resource                      Mode
env.TABLE_OBJECTS (TableDurableObject, defined in primo-poker-server)                Durable Object                local [not connected]
env.GAME_TABLES (GameTableDurableObject, defined in primo-poker-server)              Durable Object                local [not connected]
env.SESSION_STORE (d7b0477a22d94639806c8533d46682a9)                                 KV Namespace                  local
env.TOURNAMENT_QUEUE (tournament-queue)                                              Queue                         local
env.DB (primo-poker-db)                                                              D1 Database                   local
env.HAND_HISTORY_BUCKET (primo-poker-hand-history-preview)                           R2 Bucket                     local
env.ANALYTICS (primo-poker-metrics)                                                  Analytics Engine Dataset      local
env.ENVIRONMENT ("development")                                                      Environment Variable          local
env.JWT_SECRET ("your-super-secret-jwt-key-for-develop...")                          Environment Variable          local


Service bindings, Durable Object bindings, and Tail consumers connect to other `wrangler dev` processes running locally, with their connection status indicated by [connected] or [not connected]. For more details, refer to https://developers.cloudflare.com/workers/runtime-apis/bindings/service-bindings/#local-development

The file src changed, restarting build...
[custom build] Running: npm run build
[custom build] 
[custom build] > @primo-poker/poker-server@1.0.0 build
[custom build] > tsc --build
[custom build] 
[custom build] 
⎔ Starting local server...
[wrangler:info] Ready on http://localhost:8787
[wrangler:info] GET /api/health 200 OK (7ms)
[wrangler:info] GET /api/tables 200 OK (6ms)
[wrangler:info] GET /api/health 200 OK (12ms)
[wrangler:info] GET /api/tables 200 OK (4ms)
Terminated
